<?xml version="1.0" encoding="UTF-8"?>
<!-- Generated by org.testng.reporters.JUnitXMLReporter -->
<testsuite ignored="4" hostname="LAPTOP-C09100BS" failures="0" tests="4" name="Test2" time="0.017" errors="0" timestamp="2022-07-19T12:25:27 IST">
  <testcase classname="com.Annotations.Annotation_2" name="Annotation_2test1" time="0.001"/>
  <testcase classname="com.Annotations.Annotation_2" name="Annotation_2test2" time="0.001"/>
  <testcase classname="com.Annotations.Annotation_1" name="Annotation_1test1" time="0.0"/>
  <testcase classname="com.Annotations.Annotation_1" name="Annotation_1test2" time="0.0"/>
  <testcase classname="com.Annotations.Annotations" name="@AfterTest afterTest" time="0.0">
    <ignored/>
  </testcase> <!-- @AfterTest afterTest -->
  <testcase classname="com.Annotations.Annotations" name="@AfterSuite afterSuite" time="0.0">
    <ignored/>
  </testcase> <!-- @AfterSuite afterSuite -->
  <testcase classname="com.Annotations.Annotations" name="@BeforeSuite beforeSuite" time="0.0">
    <ignored/>
  </testcase> <!-- @BeforeSuite beforeSuite -->
  <testcase classname="com.Annotations.Annotations" name="@BeforeTest beforeTest" time="0.0">
    <ignored/>
  </testcase> <!-- @BeforeTest beforeTest -->
</testsuite> <!-- Test2 -->
