<?xml version="1.0" encoding="UTF-8"?>
<testng-results ignored="8" total="13" passed="4" failed="1" skipped="0">
  <reporter-output>
  </reporter-output>
  <suite started-at="2022-07-25T11:15:22 IST" name="Suite" finished-at="2022-07-25T11:17:06 IST" duration-ms="103410">
    <groups>
    </groups>
    <test started-at="2022-07-25T11:15:22 IST" name="Test" finished-at="2022-07-25T11:17:06 IST" duration-ms="103410">
      <class name="com.Sai.TestCases.TC_01SaiConTest">
        <test-method is-config="true" signature="lanchBrowser()[pri:0, instance:com.Sai.TestCases.TC_01SaiConTest@795509d9]" started-at="2022-07-25T11:15:46 IST" name="lanchBrowser" finished-at="2022-07-25T11:15:48 IST" duration-ms="1583" status="PASS">
          <reporter-output>
          </reporter-output>
        </test-method> <!-- lanchBrowser -->
        <test-method is-config="true" signature="login()[pri:0, instance:com.Sai.TestCases.TC_01SaiConTest@795509d9]" started-at="2022-07-25T11:15:48 IST" name="login" finished-at="2022-07-25T11:15:49 IST" duration-ms="1520" status="PASS">
          <reporter-output>
          </reporter-output>
        </test-method> <!-- login -->
        <test-method signature="saiConTest()[pri:0, instance:com.Sai.TestCases.TC_01SaiConTest@795509d9]" started-at="2022-07-25T11:15:49 IST" name="saiConTest" finished-at="2022-07-25T11:16:06 IST" duration-ms="16827" status="PASS">
          <reporter-output>
          </reporter-output>
        </test-method> <!-- saiConTest -->
        <test-method is-config="true" signature="logout()[pri:0, instance:com.Sai.TestCases.TC_01SaiConTest@795509d9]" started-at="2022-07-25T11:16:06 IST" name="logout" finished-at="2022-07-25T11:16:06 IST" duration-ms="35" status="PASS">
          <reporter-output>
          </reporter-output>
        </test-method> <!-- logout -->
        <test-method is-config="true" signature="closingBrowser()[pri:0, instance:com.Sai.TestCases.TC_01SaiConTest@795509d9]" started-at="2022-07-25T11:16:06 IST" name="closingBrowser" finished-at="2022-07-25T11:16:06 IST" duration-ms="72" status="PASS">
          <reporter-output>
          </reporter-output>
        </test-method> <!-- closingBrowser -->
      </class> <!-- com.Sai.TestCases.TC_01SaiConTest -->
      <class name="com.Sai.TestCases.TC_02SaiCamDelTest">
        <test-method is-config="true" signature="connectDatabase()[pri:0, instance:com.Sai.TestCases.TC_02SaiCamDelTest@58cbafc2]" started-at="2022-07-25T11:15:22 IST" name="connectDatabase" finished-at="2022-07-25T11:15:22 IST" duration-ms="11" status="PASS">
          <reporter-output>
          </reporter-output>
        </test-method> <!-- connectDatabase -->
        <test-method is-config="true" signature="lanchBrowser()[pri:0, instance:com.Sai.TestCases.TC_02SaiCamDelTest@58cbafc2]" started-at="2022-07-25T11:15:23 IST" name="lanchBrowser" finished-at="2022-07-25T11:15:25 IST" duration-ms="2650" status="PASS">
          <reporter-output>
          </reporter-output>
        </test-method> <!-- lanchBrowser -->
        <test-method is-config="true" signature="login()[pri:0, instance:com.Sai.TestCases.TC_02SaiCamDelTest@58cbafc2]" started-at="2022-07-25T11:15:25 IST" name="login" finished-at="2022-07-25T11:15:27 IST" duration-ms="1603" status="PASS">
          <reporter-output>
          </reporter-output>
        </test-method> <!-- login -->
        <test-method signature="saiConDelTest()[pri:0, instance:com.Sai.TestCases.TC_02SaiCamDelTest@58cbafc2]" started-at="2022-07-25T11:15:27 IST" name="saiConDelTest" finished-at="2022-07-25T11:15:42 IST" duration-ms="14943" status="PASS">
          <reporter-output>
          </reporter-output>
        </test-method> <!-- saiConDelTest -->
        <test-method is-config="true" signature="logout()[pri:0, instance:com.Sai.TestCases.TC_02SaiCamDelTest@58cbafc2]" started-at="2022-07-25T11:15:42 IST" name="logout" finished-at="2022-07-25T11:15:42 IST" duration-ms="35" status="PASS">
          <reporter-output>
          </reporter-output>
        </test-method> <!-- logout -->
        <test-method is-config="true" signature="closingBrowser()[pri:0, instance:com.Sai.TestCases.TC_02SaiCamDelTest@58cbafc2]" started-at="2022-07-25T11:15:42 IST" name="closingBrowser" finished-at="2022-07-25T11:15:46 IST" duration-ms="4186" status="PASS">
          <reporter-output>
          </reporter-output>
        </test-method> <!-- closingBrowser -->
        <test-method is-config="true" signature="closeDatabase()[pri:0, instance:com.Sai.TestCases.TC_02SaiCamDelTest@58cbafc2]" started-at="2022-07-25T11:17:06 IST" name="closeDatabase" finished-at="2022-07-25T11:17:06 IST" duration-ms="0" status="PASS">
          <reporter-output>
          </reporter-output>
        </test-method> <!-- closeDatabase -->
      </class> <!-- com.Sai.TestCases.TC_02SaiCamDelTest -->
      <class name="com.Sai.TestCases.TC_04SaiOrgDelTest">
        <test-method is-config="true" signature="lanchBrowser()[pri:0, instance:com.Sai.TestCases.TC_04SaiOrgDelTest@53045c6c]" started-at="2022-07-25T11:16:06 IST" name="lanchBrowser" finished-at="2022-07-25T11:16:08 IST" duration-ms="1897" status="PASS">
          <reporter-output>
          </reporter-output>
        </test-method> <!-- lanchBrowser -->
        <test-method is-config="true" signature="login()[pri:0, instance:com.Sai.TestCases.TC_04SaiOrgDelTest@53045c6c]" started-at="2022-07-25T11:16:08 IST" name="login" finished-at="2022-07-25T11:16:09 IST" duration-ms="1567" status="PASS">
          <reporter-output>
          </reporter-output>
        </test-method> <!-- login -->
        <test-method signature="createOrgTest()[pri:0, instance:com.Sai.TestCases.TC_04SaiOrgDelTest@53045c6c]" started-at="2022-07-25T11:16:09 IST" name="createOrgTest" finished-at="2022-07-25T11:16:40 IST" duration-ms="30245" status="FAIL">
          <exception class="org.openqa.selenium.NoSuchElementException">
            <message>
              <![CDATA[no such element: Unable to locate element: {"method":"xpath","selector":"//span[@class='genHeaderSmall']"}
  (Session info: chrome=103.0.5060.134)
For documentation on this error, please visit: https://selenium.dev/exceptions/#no_such_element
Build info: version: '4.1.2', revision: '9a5a329c5a'
System info: host: 'LAPTOP-C09100BS', ip: '192.168.23.1', os.name: 'Windows 11', os.arch: 'amd64', os.version: '10.0', java.version: '17.0.2'
Driver info: org.openqa.selenium.chrome.ChromeDriver
Command: [f98dee0722bf09c2ef0537c7ef0793ac, findElement {using=xpath, value=//span[@class='genHeaderSmall']}]
Capabilities {acceptInsecureCerts: false, browserName: chrome, browserVersion: 103.0.5060.134, chrome: {chromedriverVersion: 103.0.5060.134 (8ec6fce403b..., userDataDir: C:\Users\saikr\AppData\Loca...}, goog:chromeOptions: {debuggerAddress: localhost:54199}, javascriptEnabled: true, networkConnectionEnabled: false, pageLoadStrategy: normal, platform: WINDOWS, platformName: WINDOWS, proxy: Proxy(), se:cdp: ws://localhost:54199/devtoo..., se:cdpVersion: 103.0.5060.134, setWindowRect: true, strictFileInteractability: false, timeouts: {implicit: 0, pageLoad: 300000, script: 30000}, unhandledPromptBehavior: dismiss and notify, webauthn:extension:credBlob: true, webauthn:extension:largeBlob: true, webauthn:virtualAuthenticators: true}
Session ID: f98dee0722bf09c2ef0537c7ef0793ac]]>
            </message>
            <full-stacktrace>
              <![CDATA[org.openqa.selenium.NoSuchElementException: no such element: Unable to locate element: {"method":"xpath","selector":"//span[@class='genHeaderSmall']"}
  (Session info: chrome=103.0.5060.134)
For documentation on this error, please visit: https://selenium.dev/exceptions/#no_such_element
Build info: version: '4.1.2', revision: '9a5a329c5a'
System info: host: 'LAPTOP-C09100BS', ip: '192.168.23.1', os.name: 'Windows 11', os.arch: 'amd64', os.version: '10.0', java.version: '17.0.2'
Driver info: org.openqa.selenium.chrome.ChromeDriver
Command: [f98dee0722bf09c2ef0537c7ef0793ac, findElement {using=xpath, value=//span[@class='genHeaderSmall']}]
Capabilities {acceptInsecureCerts: false, browserName: chrome, browserVersion: 103.0.5060.134, chrome: {chromedriverVersion: 103.0.5060.134 (8ec6fce403b..., userDataDir: C:\Users\saikr\AppData\Loca...}, goog:chromeOptions: {debuggerAddress: localhost:54199}, javascriptEnabled: true, networkConnectionEnabled: false, pageLoadStrategy: normal, platform: WINDOWS, platformName: WINDOWS, proxy: Proxy(), se:cdp: ws://localhost:54199/devtoo..., se:cdpVersion: 103.0.5060.134, setWindowRect: true, strictFileInteractability: false, timeouts: {implicit: 0, pageLoad: 300000, script: 30000}, unhandledPromptBehavior: dismiss and notify, webauthn:extension:credBlob: true, webauthn:extension:largeBlob: true, webauthn:virtualAuthenticators: true}
Session ID: f98dee0722bf09c2ef0537c7ef0793ac
at java.base/jdk.internal.reflect.NativeConstructorAccessorImpl.newInstance0(Native Method)
at java.base/jdk.internal.reflect.NativeConstructorAccessorImpl.newInstance(NativeConstructorAccessorImpl.java:77)
at java.base/jdk.internal.reflect.DelegatingConstructorAccessorImpl.newInstance(DelegatingConstructorAccessorImpl.java:45)
at java.base/java.lang.reflect.Constructor.newInstanceWithCaller(Constructor.java:499)
at java.base/java.lang.reflect.Constructor.newInstance(Constructor.java:480)
at org.openqa.selenium.remote.codec.w3c.W3CHttpResponseCodec.createException(W3CHttpResponseCodec.java:200)
at org.openqa.selenium.remote.codec.w3c.W3CHttpResponseCodec.decode(W3CHttpResponseCodec.java:133)
at org.openqa.selenium.remote.codec.w3c.W3CHttpResponseCodec.decode(W3CHttpResponseCodec.java:53)
at org.openqa.selenium.remote.HttpCommandExecutor.execute(HttpCommandExecutor.java:184)
at org.openqa.selenium.remote.service.DriverCommandExecutor.invokeExecute(DriverCommandExecutor.java:167)
at org.openqa.selenium.remote.service.DriverCommandExecutor.execute(DriverCommandExecutor.java:142)
at org.openqa.selenium.remote.RemoteWebDriver.execute(RemoteWebDriver.java:558)
at org.openqa.selenium.remote.ElementLocation$ElementFinder$2.findElement(ElementLocation.java:162)
at org.openqa.selenium.remote.ElementLocation.findElement(ElementLocation.java:60)
at org.openqa.selenium.remote.RemoteWebDriver.findElement(RemoteWebDriver.java:382)
at org.openqa.selenium.remote.RemoteWebDriver.findElement(RemoteWebDriver.java:374)
at org.openqa.selenium.support.pagefactory.DefaultElementLocator.findElement(DefaultElementLocator.java:70)
at org.openqa.selenium.support.pagefactory.internal.LocatingElementHandler.invoke(LocatingElementHandler.java:39)
at jdk.proxy2/jdk.proxy2.$Proxy20.isDisplayed(Unknown Source)
at com.Sai.TestCases.TC_04SaiOrgDelTest.createOrgTest(TC_04SaiOrgDelTest.java:72)
at java.base/jdk.internal.reflect.NativeMethodAccessorImpl.invoke0(Native Method)
at java.base/jdk.internal.reflect.NativeMethodAccessorImpl.invoke(NativeMethodAccessorImpl.java:77)
at java.base/jdk.internal.reflect.DelegatingMethodAccessorImpl.invoke(DelegatingMethodAccessorImpl.java:43)
at java.base/java.lang.reflect.Method.invoke(Method.java:568)
at org.testng.internal.invokers.MethodInvocationHelper.invokeMethod(MethodInvocationHelper.java:139)
at org.testng.internal.invokers.TestInvoker.invokeMethod(TestInvoker.java:677)
at org.testng.internal.invokers.TestInvoker.invokeTestMethod(TestInvoker.java:221)
at org.testng.internal.invokers.MethodRunner.runInSequence(MethodRunner.java:50)
at org.testng.internal.invokers.TestInvoker$MethodInvocationAgent.invoke(TestInvoker.java:962)
at org.testng.internal.invokers.TestInvoker.invokeTestMethods(TestInvoker.java:194)
at org.testng.internal.invokers.TestMethodWorker.invokeTestMethods(TestMethodWorker.java:148)
at org.testng.internal.invokers.TestMethodWorker.run(TestMethodWorker.java:128)
at java.base/java.util.ArrayList.forEach(ArrayList.java:1511)
at org.testng.TestRunner.privateRun(TestRunner.java:806)
at org.testng.TestRunner.run(TestRunner.java:601)
at org.testng.SuiteRunner.runTest(SuiteRunner.java:433)
at org.testng.SuiteRunner.runSequentially(SuiteRunner.java:427)
at org.testng.SuiteRunner.privateRun(SuiteRunner.java:387)
at org.testng.SuiteRunner.run(SuiteRunner.java:330)
at org.testng.SuiteRunnerWorker.runSuite(SuiteRunnerWorker.java:52)
at org.testng.SuiteRunnerWorker.run(SuiteRunnerWorker.java:95)
at org.testng.TestNG.runSuitesSequentially(TestNG.java:1256)
at org.testng.TestNG.runSuitesLocally(TestNG.java:1176)
at org.testng.TestNG.runSuites(TestNG.java:1099)
at org.testng.TestNG.run(TestNG.java:1067)
at org.testng.remote.AbstractRemoteTestNG.run(AbstractRemoteTestNG.java:115)
at org.testng.remote.RemoteTestNG.initAndRun(RemoteTestNG.java:251)
at org.testng.remote.RemoteTestNG.main(RemoteTestNG.java:77)
]]>
            </full-stacktrace>
          </exception> <!-- org.openqa.selenium.NoSuchElementException -->
          <reporter-output>
          </reporter-output>
        </test-method> <!-- createOrgTest -->
        <test-method is-config="true" signature="logout()[pri:0, instance:com.Sai.TestCases.TC_04SaiOrgDelTest@53045c6c]" started-at="2022-07-25T11:16:40 IST" name="logout" finished-at="2022-07-25T11:16:40 IST" duration-ms="37" status="PASS">
          <reporter-output>
          </reporter-output>
        </test-method> <!-- logout -->
        <test-method is-config="true" signature="closingBrowser()[pri:0, instance:com.Sai.TestCases.TC_04SaiOrgDelTest@53045c6c]" started-at="2022-07-25T11:16:40 IST" name="closingBrowser" finished-at="2022-07-25T11:16:44 IST" duration-ms="4130" status="PASS">
          <reporter-output>
          </reporter-output>
        </test-method> <!-- closingBrowser -->
      </class> <!-- com.Sai.TestCases.TC_04SaiOrgDelTest -->
      <class name="com.Sai.TestCases.TC_05SaiCampHeaderVerTest">
        <test-method is-config="true" signature="lanchBrowser()[pri:0, instance:com.Sai.TestCases.TC_05SaiCampHeaderVerTest@5149d738]" started-at="2022-07-25T11:16:44 IST" name="lanchBrowser" finished-at="2022-07-25T11:16:46 IST" duration-ms="1660" status="PASS">
          <reporter-output>
          </reporter-output>
        </test-method> <!-- lanchBrowser -->
        <test-method is-config="true" signature="login()[pri:0, instance:com.Sai.TestCases.TC_05SaiCampHeaderVerTest@5149d738]" started-at="2022-07-25T11:16:46 IST" name="login" finished-at="2022-07-25T11:16:47 IST" duration-ms="1688" status="PASS">
          <reporter-output>
          </reporter-output>
        </test-method> <!-- login -->
        <test-method signature="saiCampHeaderVerTest()[pri:0, instance:com.Sai.TestCases.TC_05SaiCampHeaderVerTest@5149d738]" started-at="2022-07-25T11:16:47 IST" name="saiCampHeaderVerTest" finished-at="2022-07-25T11:16:55 IST" duration-ms="8198" status="PASS">
          <reporter-output>
          </reporter-output>
        </test-method> <!-- saiCampHeaderVerTest -->
        <test-method is-config="true" signature="logout()[pri:0, instance:com.Sai.TestCases.TC_05SaiCampHeaderVerTest@5149d738]" started-at="2022-07-25T11:16:55 IST" name="logout" finished-at="2022-07-25T11:16:55 IST" duration-ms="36" status="PASS">
          <reporter-output>
          </reporter-output>
        </test-method> <!-- logout -->
        <test-method is-config="true" signature="closingBrowser()[pri:0, instance:com.Sai.TestCases.TC_05SaiCampHeaderVerTest@5149d738]" started-at="2022-07-25T11:16:55 IST" name="closingBrowser" finished-at="2022-07-25T11:16:56 IST" duration-ms="130" status="PASS">
          <reporter-output>
          </reporter-output>
        </test-method> <!-- closingBrowser -->
      </class> <!-- com.Sai.TestCases.TC_05SaiCampHeaderVerTest -->
      <class name="com.Sai.TestCases.TC_03SaiOrgHeaderVerTest">
        <test-method is-config="true" signature="lanchBrowser()[pri:0, instance:com.Sai.TestCases.TC_03SaiOrgHeaderVerTest@6bbe85a8]" started-at="2022-07-25T11:16:56 IST" name="lanchBrowser" finished-at="2022-07-25T11:16:57 IST" duration-ms="1878" status="PASS">
          <reporter-output>
          </reporter-output>
        </test-method> <!-- lanchBrowser -->
        <test-method is-config="true" signature="login()[pri:0, instance:com.Sai.TestCases.TC_03SaiOrgHeaderVerTest@6bbe85a8]" started-at="2022-07-25T11:16:57 IST" name="login" finished-at="2022-07-25T11:16:59 IST" duration-ms="1718" status="PASS">
          <reporter-output>
          </reporter-output>
        </test-method> <!-- login -->
        <test-method signature="saiOrgHeaderVerTest()[pri:0, instance:com.Sai.TestCases.TC_03SaiOrgHeaderVerTest@6bbe85a8]" started-at="2022-07-25T11:16:59 IST" name="saiOrgHeaderVerTest" finished-at="2022-07-25T11:17:06 IST" duration-ms="6582" status="PASS">
          <reporter-output>
          </reporter-output>
        </test-method> <!-- saiOrgHeaderVerTest -->
        <test-method is-config="true" signature="logout()[pri:0, instance:com.Sai.TestCases.TC_03SaiOrgHeaderVerTest@6bbe85a8]" started-at="2022-07-25T11:17:06 IST" name="logout" finished-at="2022-07-25T11:17:06 IST" duration-ms="39" status="PASS">
          <reporter-output>
          </reporter-output>
        </test-method> <!-- logout -->
        <test-method is-config="true" signature="closingBrowser()[pri:0, instance:com.Sai.TestCases.TC_03SaiOrgHeaderVerTest@6bbe85a8]" started-at="2022-07-25T11:17:06 IST" name="closingBrowser" finished-at="2022-07-25T11:17:06 IST" duration-ms="92" status="PASS">
          <reporter-output>
          </reporter-output>
        </test-method> <!-- closingBrowser -->
      </class> <!-- com.Sai.TestCases.TC_03SaiOrgHeaderVerTest -->
    </test> <!-- Test -->
  </suite> <!-- Suite -->
</testng-results>
