<?xml version="1.0" encoding="UTF-8"?>
<testng-results ignored="0" total="2" passed="2" failed="0" skipped="0">
  <reporter-output>
  </reporter-output>
  <suite started-at="2022-07-19T15:35:15 IST" name="Suite" finished-at="2022-07-19T15:35:15 IST" duration-ms="41">
    <groups>
    </groups>
    <test started-at="2022-07-19T15:35:15 IST" name="Test" finished-at="2022-07-19T15:35:15 IST" duration-ms="41">
      <class name="parameter.para_Annotations$Annotations">
        <test-method is-config="true" signature="beforeSuite()[pri:0, instance:parameter.para_Annotations$Annotations@173ed316]" started-at="2022-07-19T15:35:15 IST" name="beforeSuite" finished-at="2022-07-19T15:35:15 IST" duration-ms="15" status="PASS">
          <reporter-output>
          </reporter-output>
        </test-method> <!-- beforeSuite -->
        <test-method is-config="true" signature="beforeTest()[pri:0, instance:parameter.para_Annotations$Annotations@173ed316]" started-at="2022-07-19T15:35:15 IST" name="beforeTest" finished-at="2022-07-19T15:35:15 IST" duration-ms="0" status="PASS">
          <reporter-output>
          </reporter-output>
        </test-method> <!-- beforeTest -->
        <test-method is-config="true" signature="afterTest()[pri:0, instance:parameter.para_Annotations$Annotations@173ed316]" started-at="2022-07-19T15:35:15 IST" name="afterTest" finished-at="2022-07-19T15:35:15 IST" duration-ms="0" status="PASS">
          <reporter-output>
          </reporter-output>
        </test-method> <!-- afterTest -->
        <test-method is-config="true" signature="afterSuite()[pri:0, instance:parameter.para_Annotations$Annotations@173ed316]" started-at="2022-07-19T15:35:15 IST" name="afterSuite" finished-at="2022-07-19T15:35:15 IST" duration-ms="0" status="PASS">
          <reporter-output>
          </reporter-output>
        </test-method> <!-- afterSuite -->
      </class> <!-- parameter.para_Annotations$Annotations -->
      <class name="parameter.para1">
        <test-method signature="para2(java.lang.String)[pri:0, instance:parameter.para1@74e28667]" started-at="2022-07-19T15:35:15 IST" name="para2" finished-at="2022-07-19T15:35:15 IST" duration-ms="1" status="PASS">
          <params>
            <param index="0">
              <value>
                <![CDATA[6303974872]]>
              </value>
            </param>
          </params>
          <reporter-output>
          </reporter-output>
        </test-method> <!-- para2 -->
      </class> <!-- parameter.para1 -->
      <class name="parameter.para">
        <test-method signature="para1(java.lang.String)[pri:0, instance:parameter.para@7161d8d1]" started-at="2022-07-19T15:35:15 IST" name="para1" finished-at="2022-07-19T15:35:15 IST" duration-ms="5" status="PASS">
          <params>
            <param index="0">
              <value>
                <![CDATA[saikrishna]]>
              </value>
            </param>
          </params>
          <reporter-output>
          </reporter-output>
        </test-method> <!-- para1 -->
      </class> <!-- parameter.para -->
    </test> <!-- Test -->
  </suite> <!-- Suite -->
</testng-results>
